<?xml version="1.0" encoding="UTF-8"?>
<!-- Generated by org.testng.reporters.JUnitReportReporter -->
<testsuite hostname="Prabuddhika-PC" failures="0" tests="1" name="com.automationdemo.testcases.UsersPageTest" time="20.285" errors="0" timestamp="13 Jul 2023 08:29:44 GMT" skipped="0">
  <testcase classname="com.automationdemo.testcases.UsersPageTest" name="loginPageLogoTest" time="20.285"/>
</testsuite> <!-- com.automationdemo.testcases.UsersPageTest -->
