<?xml version="1.0" encoding="UTF-8"?>
<!-- Generated by org.testng.reporters.JUnitReportReporter -->
<testsuite hostname="Prabuddhika-PC" failures="0" tests="2" name="com.automationdemo.testcases.HomePageTest" time="45.751" errors="0" timestamp="13 Jul 2023 08:29:44 GMT" skipped="0">
  <testcase classname="com.automationdemo.testcases.HomePageTest" name="homePageTaskLinkTest" time="18.357"/>
  <testcase classname="com.automationdemo.testcases.HomePageTest" name="homePageUserLinkTest" time="27.394"/>
</testsuite> <!-- com.automationdemo.testcases.HomePageTest -->
