<?xml version="1.0" encoding="UTF-8"?>
<!-- Generated by org.testng.reporters.JUnitReportReporter -->
<testsuite hostname="Prabuddhika-PC" failures="0" tests="3" name="com.automationdemo.testcases.LogonPageTest" time="27.864" errors="0" timestamp="13 Jul 2023 08:29:44 GMT" skipped="0">
  <testcase classname="com.automationdemo.testcases.LogonPageTest" name="loginPageLogoTest" time="8.594"/>
  <testcase classname="com.automationdemo.testcases.LogonPageTest" name="LoginTest" time="10.952"/>
  <testcase classname="com.automationdemo.testcases.LogonPageTest" name="LoginTest" time="8.318"/>
</testsuite> <!-- com.automationdemo.testcases.LogonPageTest -->
